<?xml version="1.0" encoding="UTF-8"?>
<!-- Generated by org.testng.reporters.JUnitXMLReporter -->
<testsuite hostname="DESKTOP-U83U5RO" name="Default test" tests="5" failures="0" timestamp="3 Aug 2020 14:37:50 GMT" time="36.017" errors="0">
  <testcase name="invokebrowser" time="5.403" classname="CrossBrowser.CrossBrowser.ParallelRun"/>
  <testcase name="invokebrowser" time="4.491" classname="CrossBrowser.CrossBrowser.ParallelRun"/>
  <testcase name="invokebrowser" time="4.068" classname="CrossBrowser.CrossBrowser.ParallelRun"/>
  <testcase name="invokebrowser" time="4.394" classname="CrossBrowser.CrossBrowser.ParallelRun"/>
  <testcase name="invokebrowser" time="4.491" classname="CrossBrowser.CrossBrowser.ParallelRun"/>
</testsuite> <!-- Default test -->
