<?xml version="1.0" encoding="UTF-8"?>
<!-- Generated by org.testng.reporters.JUnitXMLReporter -->
<testsuite hostname="DESKTOP-U83U5RO" name="Test" tests="5" failures="0" timestamp="3 Aug 2020 04:16:15 GMT" time="8.384" errors="0">
  <testcase name="invokebrowser" time="6.802" classname="CrossBrowser.CrossBrowser.ParallelRun"/>
  <testcase name="invokebrowser" time="7.282" classname="CrossBrowser.CrossBrowser.ParallelRun"/>
  <testcase name="invokebrowser" time="7.335" classname="CrossBrowser.CrossBrowser.ParallelRun"/>
  <testcase name="invokebrowser" time="7.59" classname="CrossBrowser.CrossBrowser.ParallelRun"/>
  <testcase name="invokebrowser" time="7.911" classname="CrossBrowser.CrossBrowser.ParallelRun"/>
</testsuite> <!-- Test -->
