<?xml version="1.0" encoding="UTF-8"?>
<!-- Generated by org.testng.reporters.JUnitXMLReporter -->
<testsuite hostname="DESKTOP-U83U5RO" name="Test" tests="7" failures="0" timestamp="2 Aug 2020 17:24:55 GMT" time="21.878" errors="0">
  <testcase name="dependsonMet" time="0.001" classname="CrossBrowser.CrossBrowser.CrossBrows"/>
  <testcase name="dependsongrp" time="0.001" classname="CrossBrowser.CrossBrowser.CrossBrows"/>
  <testcase name="invokeBrowser" time="4.847" classname="CrossBrowser.CrossBrowser.CrossBrows"/>
  <testcase name="invokeBrowser" time="4.155" classname="CrossBrowser.CrossBrowser.CrossBrows"/>
  <testcase name="invokeBrowser" time="4.102" classname="CrossBrowser.CrossBrowser.CrossBrows"/>
  <testcase name="invokeBrowser" time="3.988" classname="CrossBrowser.CrossBrowser.CrossBrows"/>
  <testcase name="invokeBrowser" time="4.296" classname="CrossBrowser.CrossBrowser.CrossBrows"/>
</testsuite> <!-- Test -->
