<?xml version="1.0" encoding="UTF-8"?>
<!-- Generated by org.testng.reporters.JUnitXMLReporter -->
<testsuite hostname="DESKTOP-U83U5RO" name="Test" tests="4" failures="0" timestamp="30 Jul 2020 14:19:25 GMT" time="10.603" errors="0">
  <testcase name="dependsongrp" time="0.001" classname="CrossBrowser.CrossBrowser.CrossBrows"/>
  <testcase name="dependsonMet" time="0.0" classname="CrossBrowser.CrossBrowser.CrossBrows"/>
  <testcase name="invokeBrowser" time="5.6" classname="CrossBrowser.CrossBrowser.CrossBrows"/>
  <testcase name="invokeBrowser" time="4.456" classname="CrossBrowser.CrossBrowser.CrossBrows"/>
</testsuite> <!-- Test -->
