<?xml version="1.0" encoding="UTF-8"?>
<testng-results skipped="0" failed="0" total="4" passed="4">
  <reporter-output>
  </reporter-output>
  <suite name="Suite" duration-ms="10603" started-at="2020-07-30T14:19:14Z" finished-at="2020-07-30T14:19:25Z">
    <groups>
      <group name="smoke">
        <method signature="CrossBrows.dependsongrp()[pri:0, instance:CrossBrowser.CrossBrowser.CrossBrows@6108b2d7]" name="dependsongrp" class="CrossBrowser.CrossBrowser.CrossBrows"/>
      </group> <!-- smoke -->
    </groups>
    <test name="Test" duration-ms="10603" started-at="2020-07-30T14:19:14Z" finished-at="2020-07-30T14:19:25Z">
      <class name="CrossBrowser.CrossBrowser.CrossBrows">
        <test-method status="PASS" signature="gettingBrowserName()[pri:0, instance:CrossBrowser.CrossBrowser.CrossBrows@6108b2d7]" name="gettingBrowserName" is-config="true" duration-ms="12" started-at="2020-07-30T19:49:14Z" finished-at="2020-07-30T19:49:14Z">
          <reporter-output>
          </reporter-output>
        </test-method> <!-- gettingBrowserName -->
        <test-method status="PASS" signature="dependsongrp()[pri:0, instance:CrossBrowser.CrossBrowser.CrossBrows@6108b2d7]" name="dependsongrp" duration-ms="1" started-at="2020-07-30T19:49:14Z" finished-at="2020-07-30T19:49:14Z">
          <reporter-output>
          </reporter-output>
        </test-method> <!-- dependsongrp -->
        <test-method status="PASS" signature="gettingBrowserName()[pri:0, instance:CrossBrowser.CrossBrowser.CrossBrows@6108b2d7]" name="gettingBrowserName" is-config="true" duration-ms="0" started-at="2020-07-30T19:49:14Z" finished-at="2020-07-30T19:49:14Z">
          <reporter-output>
          </reporter-output>
        </test-method> <!-- gettingBrowserName -->
        <test-method status="PASS" signature="dependsonMet()[pri:0, instance:CrossBrowser.CrossBrowser.CrossBrows@6108b2d7]" name="dependsonMet" duration-ms="0" started-at="2020-07-30T19:49:14Z" finished-at="2020-07-30T19:49:14Z">
          <reporter-output>
          </reporter-output>
        </test-method> <!-- dependsonMet -->
        <test-method status="PASS" signature="invokeBrowser(java.lang.String, java.lang.String, java.lang.String)[pri:0, instance:CrossBrowser.CrossBrowser.CrossBrows@6108b2d7]" name="invokeBrowser" duration-ms="5600" depends-on-groups="smoke" started-at="2020-07-30T19:49:15Z" data-provider="testDPCheck" finished-at="2020-07-30T19:49:20Z">
          <params>
            <param index="0">
              <value>
                <![CDATA[Bala]]>
              </value>
            </param>
            <param index="1">
              <value>
                <![CDATA[ddd]]>
              </value>
            </param>
            <param index="2">
              <value>
                <![CDATA[Add1]]>
              </value>
            </param>
          </params>
          <reporter-output>
          </reporter-output>
        </test-method> <!-- invokeBrowser -->
        <test-method status="PASS" signature="gettingBrowserName()[pri:0, instance:CrossBrowser.CrossBrowser.CrossBrows@6108b2d7]" name="gettingBrowserName" is-config="true" duration-ms="0" started-at="2020-07-30T19:49:15Z" finished-at="2020-07-30T19:49:15Z">
          <reporter-output>
          </reporter-output>
        </test-method> <!-- gettingBrowserName -->
        <test-method status="PASS" signature="gettingBrowserName()[pri:0, instance:CrossBrowser.CrossBrowser.CrossBrows@6108b2d7]" name="gettingBrowserName" is-config="true" duration-ms="1" started-at="2020-07-30T19:49:20Z" finished-at="2020-07-30T19:49:20Z">
          <reporter-output>
          </reporter-output>
        </test-method> <!-- gettingBrowserName -->
        <test-method status="PASS" signature="invokeBrowser(java.lang.String, java.lang.String, java.lang.String)[pri:0, instance:CrossBrowser.CrossBrowser.CrossBrows@6108b2d7]" name="invokeBrowser" duration-ms="4456" depends-on-groups="smoke" started-at="2020-07-30T19:49:20Z" data-provider="testDPCheck" finished-at="2020-07-30T19:49:25Z">
          <params>
            <param index="0">
              <value>
                <![CDATA[Sen]]>
              </value>
            </param>
            <param index="1">
              <value>
                <![CDATA[sdd]]>
              </value>
            </param>
            <param index="2">
              <value>
                <![CDATA[Add2]]>
              </value>
            </param>
          </params>
          <reporter-output>
          </reporter-output>
        </test-method> <!-- invokeBrowser -->
      </class> <!-- CrossBrowser.CrossBrowser.CrossBrows -->
    </test> <!-- Test -->
  </suite> <!-- Suite -->
</testng-results>
