<?xml version="1.0" encoding="UTF-8"?>
<testng-results skipped="6" failed="0" total="7" passed="1">
  <reporter-output>
  </reporter-output>
  <suite name="Suite" duration-ms="511" started-at="2020-08-03T08:08:59Z" finished-at="2020-08-03T08:08:59Z">
    <groups>
      <group name="smoke">
        <method signature="CrossBrows.dependsongrp()[pri:0, instance:CrossBrowser.CrossBrowser.CrossBrows@6cd8737]" name="dependsongrp" class="CrossBrowser.CrossBrowser.CrossBrows"/>
      </group> <!-- smoke -->
    </groups>
    <test name="Test" duration-ms="511" started-at="2020-08-03T08:08:59Z" finished-at="2020-08-03T08:08:59Z">
      <class name="CrossBrowser.CrossBrowser.CrossBrows">
        <test-method status="PASS" signature="gettingBrowserName()[pri:0, instance:CrossBrowser.CrossBrowser.CrossBrows@6cd8737]" name="gettingBrowserName" is-config="true" duration-ms="6" started-at="2020-08-03T13:38:59Z" finished-at="2020-08-03T13:38:59Z">
          <reporter-output>
          </reporter-output>
        </test-method> <!-- gettingBrowserName -->
        <test-method status="PASS" signature="dependsonMet()[pri:0, instance:CrossBrowser.CrossBrowser.CrossBrows@6cd8737]" name="dependsonMet" duration-ms="1" started-at="2020-08-03T13:38:59Z" finished-at="2020-08-03T13:38:59Z">
          <reporter-output>
          </reporter-output>
        </test-method> <!-- dependsonMet -->
        <test-method status="FAIL" signature="closeBrowser()[pri:0, instance:CrossBrowser.CrossBrowser.CrossBrows@6cd8737]" name="closeBrowser" is-config="true" duration-ms="0" started-at="2020-08-03T13:38:59Z" finished-at="2020-08-03T13:38:59Z">
          <exception class="java.lang.NullPointerException">
            <full-stacktrace>
              <![CDATA[java.lang.NullPointerException
	at CrossBrowser.CrossBrowser.CrossBrows.closeBrowser(CrossBrows.java:81)
	at sun.reflect.NativeMethodAccessorImpl.invoke0(Native Method)
	at sun.reflect.NativeMethodAccessorImpl.invoke(NativeMethodAccessorImpl.java:62)
	at sun.reflect.DelegatingMethodAccessorImpl.invoke(DelegatingMethodAccessorImpl.java:43)
	at java.lang.reflect.Method.invoke(Method.java:498)
	at org.testng.internal.MethodInvocationHelper.invokeMethod(MethodInvocationHelper.java:86)
	at org.testng.internal.Invoker.invokeConfigurationMethod(Invoker.java:514)
	at org.testng.internal.Invoker.invokeConfigurations(Invoker.java:215)
	at org.testng.internal.Invoker.invokeMethod(Invoker.java:707)
	at org.testng.internal.Invoker.invokeTestMethod(Invoker.java:820)
	at org.testng.internal.Invoker.invokeTestMethods(Invoker.java:1128)
	at org.testng.internal.TestMethodWorker.invokeTestMethods(TestMethodWorker.java:129)
	at org.testng.internal.TestMethodWorker.run(TestMethodWorker.java:112)
	at org.testng.TestRunner.privateRun(TestRunner.java:782)
	at org.testng.TestRunner.run(TestRunner.java:632)
	at org.testng.SuiteRunner.runTest(SuiteRunner.java:366)
	at org.testng.SuiteRunner.runSequentially(SuiteRunner.java:361)
	at org.testng.SuiteRunner.privateRun(SuiteRunner.java:319)
	at org.testng.SuiteRunner.run(SuiteRunner.java:268)
	at org.testng.SuiteRunnerWorker.runSuite(SuiteRunnerWorker.java:52)
	at org.testng.SuiteRunnerWorker.run(SuiteRunnerWorker.java:86)
	at org.testng.TestNG.runSuitesSequentially(TestNG.java:1244)
	at org.testng.TestNG.runSuitesLocally(TestNG.java:1169)
	at org.testng.TestNG.run(TestNG.java:1064)
	at org.apache.maven.surefire.testng.TestNGExecutor.run(TestNGExecutor.java:281)
	at org.apache.maven.surefire.testng.TestNGXmlTestSuite.execute(TestNGXmlTestSuite.java:75)
	at org.apache.maven.surefire.testng.TestNGProvider.invoke(TestNGProvider.java:121)
	at org.apache.maven.surefire.booter.ForkedBooter.invokeProviderInSameClassLoader(ForkedBooter.java:290)
	at org.apache.maven.surefire.booter.ForkedBooter.runSuitesInProcess(ForkedBooter.java:242)
	at org.apache.maven.surefire.booter.ForkedBooter.main(ForkedBooter.java:121)
]]>
            </full-stacktrace>
          </exception> <!-- java.lang.NullPointerException -->
          <reporter-output>
          </reporter-output>
        </test-method> <!-- closeBrowser -->
        <test-method status="SKIP" signature="closeBrowser()[pri:0, instance:CrossBrowser.CrossBrowser.CrossBrows@6cd8737]" name="closeBrowser" is-config="true" duration-ms="0" started-at="2020-08-03T13:38:59Z" finished-at="2020-08-03T13:38:59Z">
          <reporter-output>
          </reporter-output>
        </test-method> <!-- closeBrowser -->
        <test-method status="SKIP" signature="dependsongrp()[pri:0, instance:CrossBrowser.CrossBrowser.CrossBrows@6cd8737]" name="dependsongrp" duration-ms="0" started-at="2020-08-03T13:38:59Z" finished-at="2020-08-03T13:38:59Z">
          <reporter-output>
          </reporter-output>
        </test-method> <!-- dependsongrp -->
        <test-method status="SKIP" signature="gettingBrowserName()[pri:0, instance:CrossBrowser.CrossBrowser.CrossBrows@6cd8737]" name="gettingBrowserName" is-config="true" duration-ms="0" started-at="2020-08-03T13:38:59Z" finished-at="2020-08-03T13:38:59Z">
          <reporter-output>
          </reporter-output>
        </test-method> <!-- gettingBrowserName -->
        <test-method status="SKIP" signature="gettingBrowserName()[pri:0, instance:CrossBrowser.CrossBrowser.CrossBrows@6cd8737]" name="gettingBrowserName" is-config="true" duration-ms="0" started-at="2020-08-03T13:38:59Z" finished-at="2020-08-03T13:38:59Z">
          <reporter-output>
          </reporter-output>
        </test-method> <!-- gettingBrowserName -->
        <test-method status="SKIP" signature="closeBrowser()[pri:0, instance:CrossBrowser.CrossBrowser.CrossBrows@6cd8737]" name="closeBrowser" is-config="true" duration-ms="0" started-at="2020-08-03T13:38:59Z" finished-at="2020-08-03T13:38:59Z">
          <reporter-output>
          </reporter-output>
        </test-method> <!-- closeBrowser -->
        <test-method status="SKIP" signature="invokeBrowser(java.lang.String, java.lang.String, java.lang.String)[pri:0, instance:CrossBrowser.CrossBrowser.CrossBrows@6cd8737]" name="invokeBrowser" duration-ms="0" started-at="2020-08-03T13:38:59Z" data-provider="testDPCheck" finished-at="2020-08-03T13:38:59Z">
          <params>
            <param index="0">
              <value>
                <![CDATA[Bala]]>
              </value>
            </param>
            <param index="1">
              <value>
                <![CDATA[ddd]]>
              </value>
            </param>
            <param index="2">
              <value>
                <![CDATA[Add1]]>
              </value>
            </param>
          </params>
          <reporter-output>
          </reporter-output>
        </test-method> <!-- invokeBrowser -->
        <test-method status="SKIP" signature="gettingBrowserName()[pri:0, instance:CrossBrowser.CrossBrowser.CrossBrows@6cd8737]" name="gettingBrowserName" is-config="true" duration-ms="0" started-at="2020-08-03T13:38:59Z" finished-at="2020-08-03T13:38:59Z">
          <reporter-output>
          </reporter-output>
        </test-method> <!-- gettingBrowserName -->
        <test-method status="SKIP" signature="gettingBrowserName()[pri:0, instance:CrossBrowser.CrossBrowser.CrossBrows@6cd8737]" name="gettingBrowserName" is-config="true" duration-ms="0" started-at="2020-08-03T13:38:59Z" finished-at="2020-08-03T13:38:59Z">
          <reporter-output>
          </reporter-output>
        </test-method> <!-- gettingBrowserName -->
        <test-method status="SKIP" signature="invokeBrowser(java.lang.String, java.lang.String, java.lang.String)[pri:0, instance:CrossBrowser.CrossBrowser.CrossBrows@6cd8737]" name="invokeBrowser" duration-ms="0" started-at="2020-08-03T13:38:59Z" data-provider="testDPCheck" finished-at="2020-08-03T13:38:59Z">
          <params>
            <param index="0">
              <value>
                <![CDATA[testName]]>
              </value>
            </param>
            <param index="1">
              <value>
                <![CDATA[testName]]>
              </value>
            </param>
            <param index="2">
              <value>
                <![CDATA[testName]]>
              </value>
            </param>
          </params>
          <reporter-output>
          </reporter-output>
        </test-method> <!-- invokeBrowser -->
        <test-method status="SKIP" signature="closeBrowser()[pri:0, instance:CrossBrowser.CrossBrowser.CrossBrows@6cd8737]" name="closeBrowser" is-config="true" duration-ms="0" started-at="2020-08-03T13:38:59Z" finished-at="2020-08-03T13:38:59Z">
          <reporter-output>
          </reporter-output>
        </test-method> <!-- closeBrowser -->
        <test-method status="SKIP" signature="closeBrowser()[pri:0, instance:CrossBrowser.CrossBrowser.CrossBrows@6cd8737]" name="closeBrowser" is-config="true" duration-ms="0" started-at="2020-08-03T13:38:59Z" finished-at="2020-08-03T13:38:59Z">
          <reporter-output>
          </reporter-output>
        </test-method> <!-- closeBrowser -->
        <test-method status="SKIP" signature="invokeBrowser(java.lang.String, java.lang.String, java.lang.String)[pri:0, instance:CrossBrowser.CrossBrowser.CrossBrows@6cd8737]" name="invokeBrowser" duration-ms="0" started-at="2020-08-03T13:38:59Z" data-provider="testDPCheck" finished-at="2020-08-03T13:38:59Z">
          <params>
            <param index="0">
              <value>
                <![CDATA[Sen]]>
              </value>
            </param>
            <param index="1">
              <value>
                <![CDATA[sdd]]>
              </value>
            </param>
            <param index="2">
              <value>
                <![CDATA[Add2]]>
              </value>
            </param>
          </params>
          <reporter-output>
          </reporter-output>
        </test-method> <!-- invokeBrowser -->
        <test-method status="SKIP" signature="gettingBrowserName()[pri:0, instance:CrossBrowser.CrossBrowser.CrossBrows@6cd8737]" name="gettingBrowserName" is-config="true" duration-ms="0" started-at="2020-08-03T13:38:59Z" finished-at="2020-08-03T13:38:59Z">
          <reporter-output>
          </reporter-output>
        </test-method> <!-- gettingBrowserName -->
        <test-method status="SKIP" signature="closeBrowser()[pri:0, instance:CrossBrowser.CrossBrowser.CrossBrows@6cd8737]" name="closeBrowser" is-config="true" duration-ms="0" started-at="2020-08-03T13:38:59Z" finished-at="2020-08-03T13:38:59Z">
          <reporter-output>
          </reporter-output>
        </test-method> <!-- closeBrowser -->
        <test-method status="SKIP" signature="closeBrowser()[pri:0, instance:CrossBrowser.CrossBrowser.CrossBrows@6cd8737]" name="closeBrowser" is-config="true" duration-ms="0" started-at="2020-08-03T13:38:59Z" finished-at="2020-08-03T13:38:59Z">
          <reporter-output>
          </reporter-output>
        </test-method> <!-- closeBrowser -->
        <test-method status="SKIP" signature="invokeBrowser(java.lang.String, java.lang.String, java.lang.String)[pri:0, instance:CrossBrowser.CrossBrowser.CrossBrows@6cd8737]" name="invokeBrowser" duration-ms="0" started-at="2020-08-03T13:38:59Z" data-provider="testDPCheck" finished-at="2020-08-03T13:38:59Z">
          <params>
            <param index="0">
              <value>
                <![CDATA[testName001]]>
              </value>
            </param>
            <param index="1">
              <value>
                <![CDATA[testName001]]>
              </value>
            </param>
            <param index="2">
              <value>
                <![CDATA[testName001]]>
              </value>
            </param>
          </params>
          <reporter-output>
          </reporter-output>
        </test-method> <!-- invokeBrowser -->
        <test-method status="SKIP" signature="invokeBrowser(java.lang.String, java.lang.String, java.lang.String)[pri:0, instance:CrossBrowser.CrossBrowser.CrossBrows@6cd8737]" name="invokeBrowser" duration-ms="0" started-at="2020-08-03T13:38:59Z" data-provider="testDPCheck" finished-at="2020-08-03T13:38:59Z">
          <params>
            <param index="0">
              <value>
                <![CDATA[testName002]]>
              </value>
            </param>
            <param index="1">
              <value>
                <![CDATA[testName002]]>
              </value>
            </param>
            <param index="2">
              <value>
                <![CDATA[testName002]]>
              </value>
            </param>
          </params>
          <reporter-output>
          </reporter-output>
        </test-method> <!-- invokeBrowser -->
        <test-method status="SKIP" signature="gettingBrowserName()[pri:0, instance:CrossBrowser.CrossBrowser.CrossBrows@6cd8737]" name="gettingBrowserName" is-config="true" duration-ms="0" started-at="2020-08-03T13:38:59Z" finished-at="2020-08-03T13:38:59Z">
          <reporter-output>
          </reporter-output>
        </test-method> <!-- gettingBrowserName -->
      </class> <!-- CrossBrowser.CrossBrowser.CrossBrows -->
    </test> <!-- Test -->
  </suite> <!-- Suite -->
</testng-results>
