<?xml version="1.0" encoding="UTF-8"?>
<testng-results skipped="0" failed="0" total="5" passed="5">
  <reporter-output>
  </reporter-output>
  <suite name="Default suite" duration-ms="36017" started-at="2020-08-03T14:37:14Z" finished-at="2020-08-03T14:37:50Z">
    <groups>
    </groups>
    <test name="Default test" duration-ms="36017" started-at="2020-08-03T14:37:14Z" finished-at="2020-08-03T14:37:50Z">
      <class name="CrossBrowser.CrossBrowser.ParallelRun">
        <test-method status="PASS" signature="beforetest()[pri:0, instance:CrossBrowser.CrossBrowser.ParallelRun@55f3ddb1]" name="beforetest" is-config="true" duration-ms="3" started-at="2020-08-03T20:07:15Z" finished-at="2020-08-03T20:07:15Z">
          <reporter-output>
          </reporter-output>
        </test-method> <!-- beforetest -->
        <test-method status="PASS" signature="invokebrowser(java.lang.String, java.lang.String, java.lang.String)[pri:0, instance:CrossBrowser.CrossBrowser.ParallelRun@55f3ddb1]" name="invokebrowser" duration-ms="5403" started-at="2020-08-03T20:07:15Z" data-provider="testDPCheck" finished-at="2020-08-03T20:07:20Z">
          <params>
            <param index="0">
              <value>
                <![CDATA[Bala]]>
              </value>
            </param>
            <param index="1">
              <value>
                <![CDATA[ddd]]>
              </value>
            </param>
            <param index="2">
              <value>
                <![CDATA[Add1]]>
              </value>
            </param>
          </params>
          <reporter-output>
          </reporter-output>
        </test-method> <!-- invokebrowser -->
        <test-method status="PASS" signature="afterMethod()[pri:0, instance:CrossBrowser.CrossBrowser.ParallelRun@55f3ddb1]" name="afterMethod" is-config="true" duration-ms="4086" started-at="2020-08-03T20:07:20Z" finished-at="2020-08-03T20:07:24Z">
          <reporter-output>
          </reporter-output>
        </test-method> <!-- afterMethod -->
        <test-method status="PASS" signature="invokebrowser(java.lang.String, java.lang.String, java.lang.String)[pri:0, instance:CrossBrowser.CrossBrowser.ParallelRun@55f3ddb1]" name="invokebrowser" duration-ms="4491" started-at="2020-08-03T20:07:24Z" data-provider="testDPCheck" finished-at="2020-08-03T20:07:29Z">
          <params>
            <param index="0">
              <value>
                <![CDATA[Sen]]>
              </value>
            </param>
            <param index="1">
              <value>
                <![CDATA[sdd]]>
              </value>
            </param>
            <param index="2">
              <value>
                <![CDATA[Add2]]>
              </value>
            </param>
          </params>
          <reporter-output>
          </reporter-output>
        </test-method> <!-- invokebrowser -->
        <test-method status="PASS" signature="beforetest()[pri:0, instance:CrossBrowser.CrossBrowser.ParallelRun@55f3ddb1]" name="beforetest" is-config="true" duration-ms="0" started-at="2020-08-03T20:07:24Z" finished-at="2020-08-03T20:07:24Z">
          <reporter-output>
          </reporter-output>
        </test-method> <!-- beforetest -->
        <test-method status="PASS" signature="afterMethod()[pri:0, instance:CrossBrowser.CrossBrowser.ParallelRun@55f3ddb1]" name="afterMethod" is-config="true" duration-ms="151" started-at="2020-08-03T20:07:29Z" finished-at="2020-08-03T20:07:29Z">
          <reporter-output>
          </reporter-output>
        </test-method> <!-- afterMethod -->
        <test-method status="PASS" signature="invokebrowser(java.lang.String, java.lang.String, java.lang.String)[pri:0, instance:CrossBrowser.CrossBrowser.ParallelRun@55f3ddb1]" name="invokebrowser" duration-ms="4068" started-at="2020-08-03T20:07:29Z" data-provider="testDPCheck" finished-at="2020-08-03T20:07:33Z">
          <params>
            <param index="0">
              <value>
                <![CDATA[testName]]>
              </value>
            </param>
            <param index="1">
              <value>
                <![CDATA[testName]]>
              </value>
            </param>
            <param index="2">
              <value>
                <![CDATA[testName]]>
              </value>
            </param>
          </params>
          <reporter-output>
          </reporter-output>
        </test-method> <!-- invokebrowser -->
        <test-method status="PASS" signature="beforetest()[pri:0, instance:CrossBrowser.CrossBrowser.ParallelRun@55f3ddb1]" name="beforetest" is-config="true" duration-ms="0" started-at="2020-08-03T20:07:29Z" finished-at="2020-08-03T20:07:29Z">
          <reporter-output>
          </reporter-output>
        </test-method> <!-- beforetest -->
        <test-method status="PASS" signature="afterMethod()[pri:0, instance:CrossBrowser.CrossBrowser.ParallelRun@55f3ddb1]" name="afterMethod" is-config="true" duration-ms="4094" started-at="2020-08-03T20:07:33Z" finished-at="2020-08-03T20:07:37Z">
          <reporter-output>
          </reporter-output>
        </test-method> <!-- afterMethod -->
        <test-method status="PASS" signature="invokebrowser(java.lang.String, java.lang.String, java.lang.String)[pri:0, instance:CrossBrowser.CrossBrowser.ParallelRun@55f3ddb1]" name="invokebrowser" duration-ms="4394" started-at="2020-08-03T20:07:37Z" data-provider="testDPCheck" finished-at="2020-08-03T20:07:41Z">
          <params>
            <param index="0">
              <value>
                <![CDATA[testName001]]>
              </value>
            </param>
            <param index="1">
              <value>
                <![CDATA[testName001]]>
              </value>
            </param>
            <param index="2">
              <value>
                <![CDATA[testName001]]>
              </value>
            </param>
          </params>
          <reporter-output>
          </reporter-output>
        </test-method> <!-- invokebrowser -->
        <test-method status="PASS" signature="beforetest()[pri:0, instance:CrossBrowser.CrossBrowser.ParallelRun@55f3ddb1]" name="beforetest" is-config="true" duration-ms="0" started-at="2020-08-03T20:07:37Z" finished-at="2020-08-03T20:07:37Z">
          <reporter-output>
          </reporter-output>
        </test-method> <!-- beforetest -->
        <test-method status="PASS" signature="afterMethod()[pri:0, instance:CrossBrowser.CrossBrowser.ParallelRun@55f3ddb1]" name="afterMethod" is-config="true" duration-ms="4101" started-at="2020-08-03T20:07:41Z" finished-at="2020-08-03T20:07:45Z">
          <reporter-output>
          </reporter-output>
        </test-method> <!-- afterMethod -->
        <test-method status="PASS" signature="invokebrowser(java.lang.String, java.lang.String, java.lang.String)[pri:0, instance:CrossBrowser.CrossBrowser.ParallelRun@55f3ddb1]" name="invokebrowser" duration-ms="4491" started-at="2020-08-03T20:07:45Z" data-provider="testDPCheck" finished-at="2020-08-03T20:07:50Z">
          <params>
            <param index="0">
              <value>
                <![CDATA[testName002]]>
              </value>
            </param>
            <param index="1">
              <value>
                <![CDATA[testName002]]>
              </value>
            </param>
            <param index="2">
              <value>
                <![CDATA[testName002]]>
              </value>
            </param>
          </params>
          <reporter-output>
          </reporter-output>
        </test-method> <!-- invokebrowser -->
        <test-method status="PASS" signature="beforetest()[pri:0, instance:CrossBrowser.CrossBrowser.ParallelRun@55f3ddb1]" name="beforetest" is-config="true" duration-ms="0" started-at="2020-08-03T20:07:45Z" finished-at="2020-08-03T20:07:45Z">
          <reporter-output>
          </reporter-output>
        </test-method> <!-- beforetest -->
        <test-method status="PASS" signature="afterMethod()[pri:0, instance:CrossBrowser.CrossBrowser.ParallelRun@55f3ddb1]" name="afterMethod" is-config="true" duration-ms="100" started-at="2020-08-03T20:07:50Z" finished-at="2020-08-03T20:07:50Z">
          <reporter-output>
          </reporter-output>
        </test-method> <!-- afterMethod -->
      </class> <!-- CrossBrowser.CrossBrowser.ParallelRun -->
    </test> <!-- Default test -->
  </suite> <!-- Default suite -->
</testng-results>
