<?xml version="1.0" encoding="UTF-8"?>
<testng-results skipped="0" failed="0" total="5" passed="5">
  <reporter-output>
  </reporter-output>
  <suite name="Suite" duration-ms="8384" started-at="2020-08-03T04:16:07Z" finished-at="2020-08-03T04:16:15Z">
    <groups>
    </groups>
    <test name="Test" duration-ms="8384" started-at="2020-08-03T04:16:07Z" finished-at="2020-08-03T04:16:15Z">
      <class name="CrossBrowser.CrossBrowser.ParallelRun">
        <test-method status="PASS" signature="beforetest()[pri:0, instance:CrossBrowser.CrossBrowser.ParallelRun@8bd1b6a]" name="beforetest" is-config="true" duration-ms="5" started-at="2020-08-03T09:46:07Z" finished-at="2020-08-03T09:46:07Z">
          <reporter-output>
          </reporter-output>
        </test-method> <!-- beforetest -->
        <test-method status="PASS" signature="beforetest()[pri:0, instance:CrossBrowser.CrossBrowser.ParallelRun@8bd1b6a]" name="beforetest" is-config="true" duration-ms="5" started-at="2020-08-03T09:46:07Z" finished-at="2020-08-03T09:46:07Z">
          <reporter-output>
          </reporter-output>
        </test-method> <!-- beforetest -->
        <test-method status="PASS" signature="beforetest()[pri:0, instance:CrossBrowser.CrossBrowser.ParallelRun@8bd1b6a]" name="beforetest" is-config="true" duration-ms="5" started-at="2020-08-03T09:46:07Z" finished-at="2020-08-03T09:46:07Z">
          <reporter-output>
          </reporter-output>
        </test-method> <!-- beforetest -->
        <test-method status="PASS" signature="beforetest()[pri:0, instance:CrossBrowser.CrossBrowser.ParallelRun@8bd1b6a]" name="beforetest" is-config="true" duration-ms="5" started-at="2020-08-03T09:46:07Z" finished-at="2020-08-03T09:46:07Z">
          <reporter-output>
          </reporter-output>
        </test-method> <!-- beforetest -->
        <test-method status="PASS" signature="beforetest()[pri:0, instance:CrossBrowser.CrossBrowser.ParallelRun@8bd1b6a]" name="beforetest" is-config="true" duration-ms="5" started-at="2020-08-03T09:46:07Z" finished-at="2020-08-03T09:46:07Z">
          <reporter-output>
          </reporter-output>
        </test-method> <!-- beforetest -->
        <test-method status="PASS" signature="invokebrowser(java.lang.String, java.lang.String, java.lang.String)[pri:0, instance:CrossBrowser.CrossBrowser.ParallelRun@8bd1b6a]" name="invokebrowser" duration-ms="6802" started-at="2020-08-03T09:46:07Z" data-provider="testDPCheck" finished-at="2020-08-03T09:46:14Z">
          <params>
            <param index="0">
              <value>
                <![CDATA[testName001]]>
              </value>
            </param>
            <param index="1">
              <value>
                <![CDATA[testName001]]>
              </value>
            </param>
            <param index="2">
              <value>
                <![CDATA[testName001]]>
              </value>
            </param>
          </params>
          <reporter-output>
          </reporter-output>
        </test-method> <!-- invokebrowser -->
        <test-method status="PASS" signature="invokebrowser(java.lang.String, java.lang.String, java.lang.String)[pri:0, instance:CrossBrowser.CrossBrowser.ParallelRun@8bd1b6a]" name="invokebrowser" duration-ms="7911" started-at="2020-08-03T09:46:07Z" data-provider="testDPCheck" finished-at="2020-08-03T09:46:15Z">
          <params>
            <param index="0">
              <value>
                <![CDATA[testName002]]>
              </value>
            </param>
            <param index="1">
              <value>
                <![CDATA[testName002]]>
              </value>
            </param>
            <param index="2">
              <value>
                <![CDATA[testName002]]>
              </value>
            </param>
          </params>
          <reporter-output>
          </reporter-output>
        </test-method> <!-- invokebrowser -->
        <test-method status="PASS" signature="invokebrowser(java.lang.String, java.lang.String, java.lang.String)[pri:0, instance:CrossBrowser.CrossBrowser.ParallelRun@8bd1b6a]" name="invokebrowser" duration-ms="7282" started-at="2020-08-03T09:46:07Z" data-provider="testDPCheck" finished-at="2020-08-03T09:46:14Z">
          <params>
            <param index="0">
              <value>
                <![CDATA[testName]]>
              </value>
            </param>
            <param index="1">
              <value>
                <![CDATA[testName]]>
              </value>
            </param>
            <param index="2">
              <value>
                <![CDATA[testName]]>
              </value>
            </param>
          </params>
          <reporter-output>
          </reporter-output>
        </test-method> <!-- invokebrowser -->
        <test-method status="PASS" signature="invokebrowser(java.lang.String, java.lang.String, java.lang.String)[pri:0, instance:CrossBrowser.CrossBrowser.ParallelRun@8bd1b6a]" name="invokebrowser" duration-ms="7335" started-at="2020-08-03T09:46:07Z" data-provider="testDPCheck" finished-at="2020-08-03T09:46:14Z">
          <params>
            <param index="0">
              <value>
                <![CDATA[Bala]]>
              </value>
            </param>
            <param index="1">
              <value>
                <![CDATA[ddd]]>
              </value>
            </param>
            <param index="2">
              <value>
                <![CDATA[Add1]]>
              </value>
            </param>
          </params>
          <reporter-output>
          </reporter-output>
        </test-method> <!-- invokebrowser -->
        <test-method status="PASS" signature="invokebrowser(java.lang.String, java.lang.String, java.lang.String)[pri:0, instance:CrossBrowser.CrossBrowser.ParallelRun@8bd1b6a]" name="invokebrowser" duration-ms="7590" started-at="2020-08-03T09:46:07Z" data-provider="testDPCheck" finished-at="2020-08-03T09:46:15Z">
          <params>
            <param index="0">
              <value>
                <![CDATA[Sen]]>
              </value>
            </param>
            <param index="1">
              <value>
                <![CDATA[sdd]]>
              </value>
            </param>
            <param index="2">
              <value>
                <![CDATA[Add2]]>
              </value>
            </param>
          </params>
          <reporter-output>
          </reporter-output>
        </test-method> <!-- invokebrowser -->
      </class> <!-- CrossBrowser.CrossBrowser.ParallelRun -->
    </test> <!-- Test -->
  </suite> <!-- Suite -->
</testng-results>
